<?xml version="1.0" encoding="UTF-8"?>
<!-- Generated by org.testng.reporters.JUnitReportReporter -->
<testsuite skipped="0" hostname="Rustams-MBP.fios-router.home" name="selenium_notes.JDBCTest" tests="1" failures="0" timestamp="04 May 2018 01:44:01 GMT" time="0.718" errors="0">
  <testcase name="connectToMySQL" time="0.718" classname="selenium_notes.JDBCTest"/>
</testsuite> <!-- selenium_notes.JDBCTest -->
