<?xml version="1.0" encoding="UTF-8"?>
<!-- Generated by org.testng.reporters.JUnitReportReporter -->
<testsuite skipped="1" hostname="Rustams-MBP.fios-router.home" name="selenium_notes.CaptureScreenshot" tests="2" failures="0" timestamp="02 May 2018 21:23:39 GMT" time="17.670" errors="0">
  <testcase name="fullPageScreenshot" time="17.670" classname="selenium_notes.CaptureScreenshot"/>
  <testcase name="captureScreenshot" classname="selenium_notes.CaptureScreenshot">
    <skipped/>
  </testcase> <!-- captureScreenshot -->
</testsuite> <!-- selenium_notes.CaptureScreenshot -->
